"""
The `train_gpt.py` and `train_gpt_mlx.py` scripts are intended as good launching-off points for new participants, not SOTA configs. We'll accept PRs that tune, improve, or simplify these scripts without significantly increasing complexity, but competitive submissions should stay in the `/records` folder.

Hard stop: To keep readable for newcomers, let's make sure `train_gpt.py` and `train_gpt_mlx.py` never are longer than 1500 lines.
"""

from __future__ import annotations

import copy
import glob
import io
import math
import os
import random
import subprocess
import sys
import time
import uuid
import zlib
from pathlib import Path

try:
    import zstandard
    _COMPRESSOR = "zstd"
except ImportError:
    _COMPRESSOR = "zlib"

import numpy as np
import sentencepiece as spm
import torch
import torch.distributed as dist
import torch.nn.functional as F
from torch import Tensor, nn
from torch.nn.parallel import DistributedDataParallel as DDP

try:
    import wandb
except ImportError:
    wandb = None

try:
    from flash_attn_interface import flash_attn_func as FLASH_ATTN_FUNC
except ImportError:
    try:
        from flash_attn import flash_attn_func as FLASH_ATTN_FUNC
    except ImportError:
        FLASH_ATTN_FUNC = None

# -----------------------------
# HYPERPARAMETERS
# -----------------------------

class Hyperparameters:
    data_path = os.environ.get("DATA_PATH", "./data/datasets/fineweb10B_sp1024")
    train_files = os.path.join(data_path, "fineweb_train_*.bin")
    val_files = os.path.join(data_path, "fineweb_val_*.bin")
    tokenizer_path = os.environ.get("TOKENIZER_PATH", "./data/tokenizers/fineweb_1024_bpe.model")
    run_id = os.environ.get("RUN_ID", str(uuid.uuid4()))
    seed = int(os.environ.get("SEED", 42))

    val_batch_size = int(os.environ.get("VAL_BATCH_SIZE", 524_288))
    val_loss_every = int(os.environ.get("VAL_LOSS_EVERY", 500))
    train_log_every = int(os.environ.get("TRAIN_LOG_EVERY", 100))

    iterations = int(os.environ.get("ITERATIONS", 20000))
    warmdown_iters = int(os.environ.get("WARMDOWN_ITERS", 3000))
    warmup_steps = int(os.environ.get("WARMUP_STEPS", 20))
    train_batch_tokens = int(os.environ.get("TRAIN_BATCH_TOKENS", 786_432))
    train_seq_len = int(os.environ.get("TRAIN_SEQ_LEN", 2048))
    max_wallclock_seconds = float(os.environ.get("MAX_WALLCLOCK_SECONDS", 600.0))
    qk_gain_init = float(os.environ.get("QK_GAIN_INIT", 1.5))

    vocab_size = int(os.environ.get("VOCAB_SIZE", 1024))
    num_layers = int(os.environ.get("NUM_LAYERS", 11))
    num_kv_heads = int(os.environ.get("NUM_KV_HEADS", 4))
    model_dim = int(os.environ.get("MODEL_DIM", 512))
    num_heads = int(os.environ.get("NUM_HEADS", 8))
    mlp_mult = float(os.environ.get("MLP_MULT", 3.0))
    tie_embeddings = bool(int(os.environ.get("TIE_EMBEDDINGS", "1")))
    rope_base = float(os.environ.get("ROPE_BASE", 10000.0))
    logit_softcap = float(os.environ.get("LOGIT_SOFTCAP", 30.0))

    embed_lr = float(os.environ.get("EMBED_LR", 0.6))
    head_lr = float(os.environ.get("HEAD_LR", 0.008))
    tied_embed_lr = float(os.environ.get("TIED_EMBED_LR", 0.03))
    tied_embed_init_std = float(os.environ.get("TIED_EMBED_INIT_STD", 0.005))
    matrix_lr = float(os.environ.get("MATRIX_LR", 0.02))
    scalar_lr = float(os.environ.get("SCALAR_LR", 0.02))
    muon_momentum = float(os.environ.get("MUON_MOMENTUM", 0.99))
    muon_backend_steps = int(os.environ.get("MUON_BACKEND_STEPS", 5))
    muon_momentum_warmup_start = float(os.environ.get("MUON_MOMENTUM_WARMUP_START", 0.92))
    muon_momentum_warmup_steps = int(os.environ.get("MUON_MOMENTUM_WARMUP_STEPS", 1500))
    beta1 = float(os.environ.get("BETA1", 0.9))
    beta2 = float(os.environ.get("BETA2", 0.95))
    adam_eps = float(os.environ.get("ADAM_EPS", 1e-8))
    grad_clip_norm = float(os.environ.get("GRAD_CLIP_NORM", 0.3))
    weight_decay = float(os.environ.get("WEIGHT_DECAY", 0.04))

    eval_stride = int(os.environ.get("EVAL_STRIDE", 64))
    eval_batch_seqs = int(os.environ.get("EVAL_BATCH_SEQS", 32))

    bigram_vocab_size = int(os.environ.get("BIGRAM_VOCAB_SIZE", 10240))
    bigram_dim = int(os.environ.get("BIGRAM_DIM", 128))

    swa_enabled = bool(int(os.environ.get("SWA_ENABLED", "0")))
    swa_start_frac = float(os.environ.get("SWA_START_FRAC", 0.4))
    swa_every = int(os.environ.get("SWA_EVERY", 50))

    xsa_count = int(os.environ.get("XSA_COUNT", 4))
    partial_rope_frac = float(os.environ.get("PARTIAL_ROPE_FRAC", 0.5))
    ema_enabled = bool(int(os.environ.get("EMA_ENABLED", "1")))
    ema_decay = float(os.environ.get("EMA_DECAY", 0.997))
    late_qat_start_frac = float(os.environ.get("LATE_QAT_START_FRAC", 0.7))
    use_fa3 = bool(int(os.environ.get("USE_FA3", "1")))
    artifact_target_bytes = int(os.environ.get("ARTIFACT_TARGET_BYTES", 15980000))
    artifact_backout_prune_start = float(os.environ.get("ARTIFACT_BACKOUT_PRUNE_START", 0.03))
    artifact_backout_prune_step = float(os.environ.get("ARTIFACT_BACKOUT_PRUNE_STEP", 0.01))
    artifact_backout_max_iters = int(os.environ.get("ARTIFACT_BACKOUT_MAX_ITERS", 6))

    sparse_mlp_enabled = bool(int(os.environ.get("SPARSE_MLP_ENABLED", "1")))
    sparse_update_every = int(os.environ.get("SPARSE_UPDATE_EVERY", 128))
    sparse_warmup_frac = float(os.environ.get("SPARSE_WARMUP_FRAC", 0.10))
    sparse_ramp_end_frac = float(os.environ.get("SPARSE_RAMP_END_FRAC", 0.25))
    sparse_freeze_frac = float(os.environ.get("SPARSE_FREEZE_FRAC", 0.75))
    sparse_swap_frac = float(os.environ.get("SPARSE_SWAP_FRAC", 0.10))
    sparse_score_beta = float(os.environ.get("SPARSE_SCORE_BETA", 0.95))
    sparse_early_sparsity = float(os.environ.get("SPARSE_EARLY_SPARSITY", 0.35))
    sparse_mid_sparsity = float(os.environ.get("SPARSE_MID_SPARSITY", 0.25))
    sparse_late_sparsity = float(os.environ.get("SPARSE_LATE_SPARSITY", 0.15))

    wandb_project = os.environ.get("WANDB_PROJECT", "parameter-golf-local")
    wandb_entity = os.environ.get("WANDB_ENTITY", "")
    wandb_name = os.environ.get("WANDB_NAME", run_id)
    wandb_mode = os.environ.get("WANDB_MODE", "online")


def hyperparameters_to_dict(args: Hyperparameters) -> dict[str, object]:
    return {
        name: getattr(args, name)
        for name in dir(args)
        if not name.startswith("_") and not callable(getattr(args, name))
    }

# -----------------------------
# MUON OPTIMIZER
# -----------------------------

def zeropower_via_newtonschulz5(G: Tensor, steps: int = 10, eps: float = 1e-7) -> Tensor:
    a, b, c = (3.4445, -4.7750, 2.0315)
    X = G.bfloat16()
    X /= X.norm() + eps
    transposed = G.size(0) > G.size(1)
    if transposed:
        X = X.T
    for _ in range(steps):
        A = X @ X.T
        B = b * A + c * A @ A
        X = a * X + B @ X
    return X.T if transposed else X


class Muon(torch.optim.Optimizer):
    def __init__(self, params, lr: float, momentum: float, backend_steps: int, nesterov: bool = True, weight_decay: float = 0.0):
        super().__init__(
            params,
            dict(lr=lr, momentum=momentum, backend_steps=backend_steps, nesterov=nesterov, weight_decay=weight_decay),
        )

    @torch.no_grad()
    def step(self, closure=None):
        loss = None
        if closure is not None:
            with torch.enable_grad():
                loss = closure()
        distributed = dist.is_available() and dist.is_initialized()
        world_size = dist.get_world_size() if distributed else 1
        rank = dist.get_rank() if distributed else 0

        for group in self.param_groups:
            params = group["params"]
            if not params:
                continue
            lr = group["lr"]
            momentum = group["momentum"]
            backend_steps = group["backend_steps"]
            nesterov = group["nesterov"]

            total_params = sum(int(p.numel()) for p in params)
            updates_flat = torch.zeros(total_params, device=params[0].device, dtype=torch.bfloat16)

            curr = 0
            for i, p in enumerate(params):
                if i % world_size == rank and p.grad is not None:
                    g = p.grad
                    state = self.state[p]
                    if "momentum_buffer" not in state:
                        state["momentum_buffer"] = torch.zeros_like(g)
                    buf = state["momentum_buffer"]
                    buf.mul_(momentum).add_(g)
                    if nesterov:
                        g = g.add(buf, alpha=momentum)
                    g = zeropower_via_newtonschulz5(g, steps=backend_steps)
                    g *= max(1, g.size(0) / g.size(1)) ** 0.5
                    updates_flat[curr : curr + p.numel()] = g.reshape(-1)
                curr += p.numel()

            if distributed:
                dist.all_reduce(updates_flat, op=dist.ReduceOp.SUM)

            wd = group.get("weight_decay", 0.0)
            curr = 0
            for p in params:
                g = updates_flat[curr : curr + p.numel()].view_as(p).to(dtype=p.dtype)
                if wd > 0:
                    p.data.mul_(1.0 - lr * wd)
                p.add_(g, alpha=-lr)
                curr += p.numel()
        return loss


# -----------------------------
# TOKENIZER-AGNOSTIC EVALUATION
# -----------------------------

def build_sentencepiece_luts(
    sp: spm.SentencePieceProcessor, vocab_size: int, device: torch.device
) -> tuple[Tensor, Tensor, Tensor]:
    sp_vocab_size = int(sp.vocab_size())
    table_size = max(sp_vocab_size, vocab_size)
    base_bytes_np = np.zeros((table_size,), dtype=np.int16)
    has_leading_space_np = np.zeros((table_size,), dtype=np.bool_)
    is_boundary_token_np = np.ones((table_size,), dtype=np.bool_)
    for token_id in range(sp_vocab_size):
        if sp.is_control(token_id) or sp.is_unknown(token_id) or sp.is_unused(token_id):
            continue
        is_boundary_token_np[token_id] = False
        if sp.is_byte(token_id):
            base_bytes_np[token_id] = 1
            continue
        piece = sp.id_to_piece(token_id)
        if piece.startswith("\u2581"):
            has_leading_space_np[token_id] = True
            piece = piece[1:]
        base_bytes_np[token_id] = len(piece.encode("utf-8"))
    return (
        torch.tensor(base_bytes_np, dtype=torch.int16, device=device),
        torch.tensor(has_leading_space_np, dtype=torch.bool, device=device),
        torch.tensor(is_boundary_token_np, dtype=torch.bool, device=device),
    )


def load_validation_tokens(pattern: str, seq_len: int) -> Tensor:
    files = [Path(p) for p in sorted(glob.glob(pattern))]
    if not files:
        raise FileNotFoundError(f"No files found for pattern: {pattern}")
    tokens = torch.cat([load_data_shard(file) for file in files]).contiguous()
    usable = ((tokens.numel() - 1) // seq_len) * seq_len
    if usable <= 0:
        raise ValueError(f"Validation split is too short for TRAIN_SEQ_LEN={seq_len}")
    return tokens[: usable + 1]


def eval_val(
    args: Hyperparameters,
    model: nn.Module,
    rank: int,
    world_size: int,
    device: torch.device,
    grad_accum_steps: int,
    val_tokens: Tensor,
    base_bytes_lut: Tensor,
    has_leading_space_lut: Tensor,
    is_boundary_token_lut: Tensor,
) -> tuple[float, float]:
    local_batch_tokens = args.val_batch_size // (world_size * grad_accum_steps)
    if local_batch_tokens < args.train_seq_len:
        raise ValueError(
            "VAL_BATCH_SIZE must provide at least one sequence per rank; "
            f"got VAL_BATCH_SIZE={args.val_batch_size}, WORLD_SIZE={world_size}, "
            f"GRAD_ACCUM_STEPS={grad_accum_steps}, TRAIN_SEQ_LEN={args.train_seq_len}"
        )
    local_batch_seqs = local_batch_tokens // args.train_seq_len
    total_seqs = (val_tokens.numel() - 1) // args.train_seq_len
    seq_start = (total_seqs * rank) // world_size
    seq_end = (total_seqs * (rank + 1)) // world_size
    val_loss_sum = torch.zeros((), device=device, dtype=torch.float64)
    val_token_count = torch.zeros((), device=device, dtype=torch.float64)
    val_byte_count = torch.zeros((), device=device, dtype=torch.float64)
    model.eval()
    with torch.inference_mode():
        for batch_seq_start in range(seq_start, seq_end, local_batch_seqs):
            batch_seq_end = min(batch_seq_start + local_batch_seqs, seq_end)
            raw_start = batch_seq_start * args.train_seq_len
            raw_end = batch_seq_end * args.train_seq_len + 1
            local = val_tokens[raw_start:raw_end].to(device=device, dtype=torch.int64, non_blocking=True)
            x = local[:-1].reshape(-1, args.train_seq_len)
            y = local[1:].reshape(-1, args.train_seq_len)
            with torch.autocast(device_type="cuda", dtype=torch.bfloat16, enabled=True):
                batch_loss = model(x, y).detach()
            batch_token_count = float(y.numel())
            val_loss_sum += batch_loss.to(torch.float64) * batch_token_count
            val_token_count += batch_token_count
            prev_ids = x.reshape(-1)
            tgt_ids = y.reshape(-1)
            token_bytes = base_bytes_lut[tgt_ids].to(dtype=torch.int16)
            token_bytes += (has_leading_space_lut[tgt_ids] & ~is_boundary_token_lut[prev_ids]).to(dtype=torch.int16)
            val_byte_count += token_bytes.to(torch.float64).sum()
    if dist.is_available() and dist.is_initialized():
        dist.all_reduce(val_loss_sum, op=dist.ReduceOp.SUM)
        dist.all_reduce(val_token_count, op=dist.ReduceOp.SUM)
        dist.all_reduce(val_byte_count, op=dist.ReduceOp.SUM)
    val_loss = val_loss_sum / val_token_count
    bits_per_token = val_loss.item() / math.log(2.0)
    tokens_per_byte = val_token_count.item() / val_byte_count.item()
    model.train()
    return float(val_loss.item()), float(bits_per_token * tokens_per_byte)


# -----------------------------
# POST-TRAINING QUANTIZATION (INT8 legacy + INT6 mixed)
# -----------------------------

CONTROL_TENSOR_NAME_PATTERNS = tuple(
    pattern
    for pattern in os.environ.get(
        "CONTROL_TENSOR_NAME_PATTERNS",
        "attn_scale,attn_scales,mlp_scale,mlp_scales,attn_norm_scale,mlp_norm_scale,resid_mix,resid_mixes,q_gain,skip_weight,skip_weights,smear,bigram.scale",
    ).split(",")
    if pattern
)
FP16_KEEP_NAME_PATTERNS = tuple(
    pattern
    for pattern in os.environ.get("FP16_KEEP_NAME_PATTERNS", "tok_emb,bigram.embed,bigram.proj,blocks.10.attn.c_k").split(",")
    if pattern
)
INT8_KEEP_FLOAT_FP32_NAME_PATTERNS = tuple(
    pattern
    for pattern in os.environ.get(
        "INT8_KEEP_FLOAT_FP32_NAME_PATTERNS",
        ",".join(CONTROL_TENSOR_NAME_PATTERNS),
    ).split(",")
    if pattern
)
INT8_KEEP_FLOAT_MAX_NUMEL = 65_536
INT8_KEEP_FLOAT_STORE_DTYPE = torch.float16
INT8_PER_ROW_SCALE_DTYPE = torch.float16
INT8_CLIP_PERCENTILE = 99.99984
INT8_CLIP_Q = INT8_CLIP_PERCENTILE / 100.0
INT6_CLIP_Q = INT8_CLIP_Q

def tensor_nbytes(t: Tensor) -> int:
    return int(t.numel()) * int(t.element_size())

def quantize_float_tensor(t: Tensor, quant_range: int = 127) -> tuple[Tensor, Tensor]:
    t32 = t.float()
    if t32.ndim == 2:
        clip_abs = (
            torch.quantile(t32.abs(), INT8_CLIP_Q, dim=1)
            if t32.numel()
            else torch.empty((t32.shape[0],), dtype=torch.float32)
        )
        clipped = torch.maximum(torch.minimum(t32, clip_abs[:, None]), -clip_abs[:, None])
        scale = (clip_abs / float(quant_range)).clamp_min(1.0 / float(quant_range))
        q = torch.clamp(torch.round(clipped / scale[:, None]), -quant_range, quant_range).to(torch.int8).contiguous()
        return q, scale.to(dtype=INT8_PER_ROW_SCALE_DTYPE).contiguous()
    clip_abs = float(torch.quantile(t32.abs().flatten(), INT8_CLIP_Q).item()) if t32.numel() else 0.0
    scale = torch.tensor(clip_abs / float(quant_range) if clip_abs > 0 else 1.0, dtype=torch.float32)
    q = torch.clamp(torch.round(torch.clamp(t32, -clip_abs, clip_abs) / scale), -quant_range, quant_range).to(torch.int8).contiguous()
    return q, scale

def _classify_param(name: str) -> str:
    if "tok_emb" in name or "lm_head" in name:
        return "embed"
    if ".mlp." in name:
        return "mlp"
    if "bigram" in name:
        return "bigram"
    if ".attn." in name or (".proj." in name and ".mlp." not in name):
        return "attn"
    return "other"

def quantize_intN_per_row(t: Tensor, clip_range: int = 31) -> tuple[Tensor, Tensor]:
    t32 = t.float()
    if t32.ndim == 2:
        clip_abs = (
            torch.quantile(t32.abs(), INT6_CLIP_Q, dim=1)
            if t32.numel()
            else torch.empty((t32.shape[0],), dtype=torch.float32)
        ).clamp_min(1e-8)
        clipped = torch.maximum(torch.minimum(t32, clip_abs[:, None]), -clip_abs[:, None])
        scale = (clip_abs / float(clip_range)).clamp_min(1.0 / float(clip_range)).to(torch.float16)
        q = torch.clamp(torch.round(clipped / scale.float()[:, None]), -clip_range, clip_range).to(torch.int8).contiguous()
        return q, scale
    amax = float(torch.quantile(t32.abs().flatten(), INT6_CLIP_Q).item()) if t32.numel() else 0.0
    scale = torch.tensor(max(amax / float(clip_range), 1e-8), dtype=torch.float16)
    q = torch.clamp(torch.round(torch.clamp(t32, -amax, amax) / scale.float()), -clip_range, clip_range).to(torch.int8).contiguous()
    return q, scale

def mixed_quantize_int6(state_dict: dict[str, Tensor], int6_cats: set[str]):
    result: dict[str, Tensor] = {}
    meta: dict[str, object] = {}
    for name, tensor in state_dict.items():
        t = tensor.detach().cpu().contiguous()
        cat = _classify_param(name)
        if not t.is_floating_point() or t.numel() <= 8192:
            result[name] = t.to(torch.float16) if t.is_floating_point() else t
            meta[name] = "passthrough"
            continue
        if any(p in name for p in CONTROL_TENSOR_NAME_PATTERNS):
            result[name] = t.float()
            meta[name] = "passthrough_ctrl"
            continue
        if any(pattern in name for pattern in FP16_KEEP_NAME_PATTERNS):
            result[name] = t.to(dtype=torch.float16).contiguous()
            meta[name] = "passthrough_fp16"
            continue
        if cat in int6_cats and t.ndim >= 1:
            clip = 15 if cat == "mlp" else 31
            q, s = quantize_intN_per_row(t, clip_range=clip)
            result[name + ".q"] = q
            result[name + ".scale"] = s
            meta[name] = {"type": f"int{5 if cat == 'mlp' else 6}"}
        elif cat == "embed":
            q, s = quantize_float_tensor(t, quant_range=127)
            result[name + ".q"] = q
            result[name + ".scale"] = s
            meta[name] = {"type": "int8"}
        else:
            q, s = quantize_float_tensor(t, quant_range=63)
            result[name + ".q"] = q
            result[name + ".scale"] = s
            meta[name] = {"type": "int7"}
    return result, meta

def dequantize_mixed_int6(result: dict[str, Tensor], meta: dict[str, object], template_sd: dict[str, Tensor]) -> dict[str, Tensor]:
    out: dict[str, Tensor] = {}
    for name, orig in template_sd.items():
        info = meta[name]
        orig_dtype = orig.dtype
        if info in ("passthrough", "passthrough_ctrl", "passthrough_fp16"):
            t = result[name]
            if t.dtype == torch.float16 and orig_dtype in (torch.float32, torch.bfloat16):
                t = t.to(orig_dtype)
            out[name] = t
            continue
        q, s = result[name + ".q"], result[name + ".scale"]
        if s.ndim > 0:
            out[name] = (q.float() * s.float().view(q.shape[0], *([1] * (q.ndim - 1)))).to(orig_dtype)
        else:
            out[name] = (q.float() * float(s.item())).to(orig_dtype)
    return out

def clone_state_dict_cpu(state_dict: dict[str, Tensor]) -> dict[str, Tensor]:
    return {k: v.detach().cpu().clone() for k, v in state_dict.items()}

def prune_state_dict_for_export(state_dict: dict[str, Tensor], prune_frac: float) -> dict[str, Tensor]:
    out = clone_state_dict_cpu(state_dict)
    if prune_frac <= 0:
        return out
    with torch.no_grad():
        for name, tensor in out.items():
            if tensor.is_floating_point() and tensor.ndim == 2 and tensor.numel() > 65_536 and _classify_param(name) in {"attn", "mlp"}:
                threshold = torch.quantile(tensor.abs().float().flatten(), prune_frac)
                tensor.masked_fill_(tensor.abs() < threshold, 0.0)
    return out

def compress_quantized_payload(payload: bytes) -> bytes:
    if _COMPRESSOR == "zstd":
        return zstandard.ZstdCompressor(level=22).compress(payload)
    return zlib.compress(payload, 9)

def fit_artifact_budget(state_dict: dict[str, Tensor], code_bytes: int, target_bytes: int, prune_start: float, prune_step: float, max_iters: int) -> tuple[dict[str, Tensor], dict[str, object], bytes, float, int]:
    best_total = 1 << 62
    best_payload: tuple[dict[str, Tensor], dict[str, object], bytes, float] | None = None
    for idx in range(max_iters + 1):
        prune_frac = prune_start + idx * prune_step
        candidate = prune_state_dict_for_export(state_dict, prune_frac)
        quant_result, quant_meta = mixed_quantize_int6(candidate, {"mlp", "attn", "bigram"})
        quant_buf = io.BytesIO()
        torch.save({"w": quant_result, "m": quant_meta}, quant_buf)
        quant_blob = compress_quantized_payload(quant_buf.getvalue())
        total_bytes = len(quant_blob) + code_bytes
        if total_bytes < best_total:
            best_total = total_bytes
            best_payload = (candidate, quant_meta, quant_blob, prune_frac)
        if total_bytes <= target_bytes:
            break
    if best_payload is None:
        raise RuntimeError("failed to produce any quantized payload")
    candidate, quant_meta, quant_blob, prune_frac = best_payload
    return candidate, quant_meta, quant_blob, prune_frac, best_total
# -----------------------------
# DATA LOADING
# -----------------------------

def load_data_shard(file: Path) -> Tensor:
    header_bytes = 256 * np.dtype("<i4").itemsize
    token_bytes = np.dtype("<u2").itemsize
    header = np.fromfile(file, dtype="<i4", count=256)
    if header.size != 256 or int(header[0]) != 20240520 or int(header[1]) != 1:
        raise ValueError(f"Unexpected shard header for {file}")
    num_tokens = int(header[2])
    expected_size = header_bytes + num_tokens * token_bytes
    if file.stat().st_size != expected_size:
        raise ValueError(f"Shard size mismatch for {file}: expected {expected_size} bytes")
    tokens_np = np.fromfile(file, dtype="<u2", count=num_tokens, offset=header_bytes)
    if tokens_np.size != num_tokens:
        raise ValueError(f"Short read for {file}")
    return torch.from_numpy(tokens_np.astype(np.uint16, copy=False))


class TokenStream:
    def __init__(self, pattern: str):
        self.files = [Path(p) for p in sorted(glob.glob(pattern))]
        if not self.files:
            raise FileNotFoundError(f"No files found for pattern: {pattern}")
        self.file_idx = 0
        self.tokens = load_data_shard(self.files[0])
        self.pos = 0

    def _advance_file(self) -> None:
        self.file_idx = (self.file_idx + 1) % len(self.files)
        self.tokens = load_data_shard(self.files[self.file_idx])
        self.pos = 0

    def take(self, n: int) -> Tensor:
        chunks: list[Tensor] = []
        remaining = n
        while remaining > 0:
            avail = self.tokens.numel() - self.pos
            if avail <= 0:
                self._advance_file()
                continue
            k = min(remaining, avail)
            chunks.append(self.tokens[self.pos : self.pos + k])
            self.pos += k
            remaining -= k
        return chunks[0] if len(chunks) == 1 else torch.cat(chunks)


class DistributedTokenLoader:
    def __init__(self, pattern: str, rank: int, world_size: int, device: torch.device):
        self.rank = rank
        self.world_size = world_size
        self.device = device
        self.stream = TokenStream(pattern)

    def next_batch(self, global_tokens: int, seq_len: int, grad_accum_steps: int) -> tuple[Tensor, Tensor]:
        local_tokens = global_tokens // (self.world_size * grad_accum_steps)
        per_rank_span = local_tokens + 1
        chunk = self.stream.take(per_rank_span * self.world_size)
        start = self.rank * per_rank_span
        local = chunk[start : start + per_rank_span].to(dtype=torch.int64)
        x = local[:-1].reshape(-1, seq_len)
        y = local[1:].reshape(-1, seq_len)
        return x.to(self.device, non_blocking=True), y.to(self.device, non_blocking=True)


# -----------------------------
# TRANSFORMER MODULES
# -----------------------------

class RMSNorm(nn.Module):
    def __init__(self, eps: float | None = None):
        super().__init__()
        self.eps = eps

    def forward(self, x: Tensor) -> Tensor:
        return F.rms_norm(x, (x.size(-1),), eps=self.eps)


class CastedLinear(nn.Linear):
    def __init__(self, *args, **kwargs):
        super().__init__(*args, **kwargs)
        self.qat_active = False

    def forward(self, x: Tensor) -> Tensor:
        w = self.weight.to(x.dtype)
        if self.training and self.qat_active and w.ndim == 2:
            with torch.no_grad():
                w32 = w.float()
                clip_abs = torch.quantile(w32.abs(), INT6_CLIP_Q, dim=1).clamp_min(1e-8)
                scale = clip_abs / 31.0
                w_clipped = torch.clamp(w32, -clip_abs[:, None], clip_abs[:, None])
                w_q = (torch.round(w_clipped / scale[:, None]) * scale[:, None]).to(x.dtype)
            w = w + (w_q - w).detach()
        bias = self.bias.to(x.dtype) if self.bias is not None else None
        return F.linear(x, w, bias)


def set_qat_active(module: nn.Module, active: bool) -> None:
    for submodule in module.modules():
        if isinstance(submodule, CastedLinear):
            submodule.qat_active = active


def restore_low_dim_params_to_fp32(module: nn.Module) -> None:
    with torch.no_grad():
        for name, param in module.named_parameters():
            if (param.ndim < 2 or any(pattern in name for pattern in CONTROL_TENSOR_NAME_PATTERNS)) and param.dtype != torch.float32:
                param.data = param.data.float()


class Rotary(nn.Module):
    def __init__(self, dim: int, base: float = 10000.0, frac: float = 1.0):
        super().__init__()
        rotary_dim = max(0, min(dim, int(dim * frac)))
        rotary_dim -= rotary_dim % 2
        self.rotary_dim = rotary_dim
        if self.rotary_dim > 0:
            inv_freq = 1.0 / (base ** (torch.arange(0, self.rotary_dim, 2, dtype=torch.float32) / max(self.rotary_dim, 1)))
        else:
            inv_freq = torch.empty((0,), dtype=torch.float32)
        self.register_buffer("inv_freq", inv_freq, persistent=False)
        self._seq_len_cached = 0
        self._cos_cached: Tensor | None = None
        self._sin_cached: Tensor | None = None

    def forward(self, seq_len: int, device: torch.device, dtype: torch.dtype) -> tuple[Tensor, Tensor, int]:
        if self.rotary_dim == 0:
            empty = torch.empty((1, 1, seq_len, 0), device=device, dtype=dtype)
            return empty, empty, 0
        if (
            self._cos_cached is None
            or self._sin_cached is None
            or self._seq_len_cached != seq_len
            or self._cos_cached.device != device
        ):
            t = torch.arange(seq_len, device=device, dtype=self.inv_freq.dtype)
            freqs = torch.outer(t, self.inv_freq.to(device))
            self._cos_cached = freqs.cos()[None, None, :, :]
            self._sin_cached = freqs.sin()[None, None, :, :]
            self._seq_len_cached = seq_len
        return self._cos_cached.to(dtype=dtype), self._sin_cached.to(dtype=dtype), self.rotary_dim


def apply_rotary_emb(x: Tensor, cos: Tensor, sin: Tensor, rotary_dim: int) -> Tensor:
    if rotary_dim <= 0:
        return x
    x_rot = x[..., :rotary_dim]
    x_pass = x[..., rotary_dim:]
    half = rotary_dim // 2
    x1, x2 = x_rot[..., :half], x_rot[..., half:]
    x_rot = torch.cat((x1 * cos + x2 * sin, x1 * (-sin) + x2 * cos), dim=-1)
    return torch.cat((x_rot, x_pass), dim=-1) if x_pass.numel() > 0 else x_rot


class CausalSelfAttention(nn.Module):
    def __init__(self, dim: int, num_heads: int, num_kv_heads: int, rope_base: float, qk_gain_init: float, rope_frac: float, use_fa3: bool):
        super().__init__()
        if dim % num_heads != 0:
            raise ValueError("model_dim must be divisible by num_heads")
        if num_heads % num_kv_heads != 0:
            raise ValueError("num_heads must be divisible by num_kv_heads")
        self.num_heads = num_heads
        self.num_kv_heads = num_kv_heads
        self.head_dim = dim // num_heads
        if self.head_dim % 2 != 0:
            raise ValueError("head_dim must be even for RoPE")
        kv_dim = self.num_kv_heads * self.head_dim
        self.c_q = CastedLinear(dim, dim, bias=False)
        self.c_k = CastedLinear(dim, kv_dim, bias=False)
        self.c_v = CastedLinear(dim, kv_dim, bias=False)
        self.proj = CastedLinear(dim, dim, bias=False)
        self.proj._zero_init = True
        self.q_gain = nn.Parameter(torch.full((num_heads,), qk_gain_init, dtype=torch.float32))
        self.rotary = Rotary(self.head_dim, base=rope_base, frac=rope_frac)
        self.use_fa3 = use_fa3 and FLASH_ATTN_FUNC is not None

    def forward(self, x: Tensor) -> Tensor:
        bsz, seqlen, dim = x.shape
        q = self.c_q(x).reshape(bsz, seqlen, self.num_heads, self.head_dim)
        k = self.c_k(x).reshape(bsz, seqlen, self.num_kv_heads, self.head_dim)
        v = self.c_v(x).reshape(bsz, seqlen, self.num_kv_heads, self.head_dim)
        q = F.rms_norm(q, (q.size(-1),))
        k = F.rms_norm(k, (k.size(-1),))
        cos, sin, rotary_dim = self.rotary(seqlen, x.device, q.dtype)
        q = apply_rotary_emb(q.transpose(1, 2), cos, sin, rotary_dim).transpose(1, 2)
        k = apply_rotary_emb(k.transpose(1, 2), cos, sin, rotary_dim).transpose(1, 2)
        q = q * self.q_gain.to(dtype=q.dtype)[None, None, :, None]
        if self.num_kv_heads != self.num_heads:
            repeat = self.num_heads // self.num_kv_heads
            k_attn = k.repeat_interleave(repeat, dim=2)
            v_attn = v.repeat_interleave(repeat, dim=2)
        else:
            k_attn = k
            v_attn = v
        if self.use_fa3:
            y = FLASH_ATTN_FUNC(q.contiguous(), k_attn.contiguous(), v_attn.contiguous(), causal=True)
        else:
            y = F.scaled_dot_product_attention(
                q.transpose(1, 2),
                k_attn.transpose(1, 2),
                v_attn.transpose(1, 2),
                attn_mask=None,
                is_causal=True,
                enable_gqa=False,
            ).transpose(1, 2)
        y = y.contiguous().reshape(bsz, seqlen, dim)
        return self.proj(y)


class SparseMLP(nn.Module):
    def __init__(self, dim: int, mlp_mult: float, layer_idx: int, num_layers: int, sparse_enabled: bool, target_sparsity: float):
        super().__init__()
        hidden = int(mlp_mult * dim)
        self.layer_idx = layer_idx
        self.num_layers = num_layers
        self.hidden = hidden
        self.sparse_enabled = sparse_enabled
        self.target_sparsity = float(target_sparsity)
        self.current_sparsity = 0.0
        self.fc = CastedLinear(dim, hidden, bias=False)
        self.proj = CastedLinear(hidden, dim, bias=False)
        self.proj._zero_init = True
        self.register_buffer("active_mask", torch.ones(hidden, dtype=torch.bool), persistent=False)
        self.register_buffer("importance_score", torch.zeros(hidden, dtype=torch.float32), persistent=False)

    def forward(self, x: Tensor) -> Tensor:
        h = torch.relu(self.fc(x))
        if self.sparse_enabled:
            h = h * self.active_mask.to(dtype=h.dtype)[None, None, :]
        return self.proj(h.square())

    def update_scores(self, beta: float) -> None:
        if not self.sparse_enabled:
            return
        with torch.no_grad():
            score = torch.zeros_like(self.importance_score)
            parts = 0
            if self.fc.weight.grad is not None:
                score += (self.fc.weight.grad.float().abs() * self.fc.weight.float().abs()).mean(dim=1)
                parts += 1
            if self.proj.weight.grad is not None:
                score += (self.proj.weight.grad.float().abs() * self.proj.weight.float().abs()).mean(dim=0)
                parts += 1
            if parts > 0:
                score /= parts
                self.importance_score.mul_(beta).add_(score, alpha=1.0 - beta)

    def set_target_sparsity(self, value: float) -> None:
        self.current_sparsity = max(0.0, min(0.95, float(value)))

    def rewire(self, swap_frac: float) -> None:
        if not self.sparse_enabled:
            return
        with torch.no_grad():
            hidden = self.active_mask.numel()
            target_active = max(1, min(hidden, int(round(hidden * (1.0 - self.current_sparsity)))))
            active_idx = torch.nonzero(self.active_mask, as_tuple=False).flatten()
            inactive_idx = torch.nonzero(~self.active_mask, as_tuple=False).flatten()
            if active_idx.numel() > target_active:
                drop_n = active_idx.numel() - target_active
                drop_scores = self.importance_score[active_idx]
                drop_idx = active_idx[torch.argsort(drop_scores)[:drop_n]]
                self.active_mask[drop_idx] = False
            elif active_idx.numel() < target_active and inactive_idx.numel() > 0:
                grow_n = min(target_active - active_idx.numel(), inactive_idx.numel())
                grow_scores = self.importance_score[inactive_idx]
                grow_idx = inactive_idx[torch.argsort(grow_scores, descending=True)[:grow_n]]
                self.active_mask[grow_idx] = True
            active_idx = torch.nonzero(self.active_mask, as_tuple=False).flatten()
            inactive_idx = torch.nonzero(~self.active_mask, as_tuple=False).flatten()
            swap_n = min(int(round(hidden * self.current_sparsity * swap_frac)), active_idx.numel(), inactive_idx.numel())
            if swap_n > 0:
                drop_idx = active_idx[torch.argsort(self.importance_score[active_idx])[:swap_n]]
                grow_idx = inactive_idx[torch.argsort(self.importance_score[inactive_idx], descending=True)[:swap_n]]
                self.active_mask[drop_idx] = False
                self.active_mask[grow_idx] = True

    def materialize_state_dict(self, state_dict: dict[str, Tensor], prefix: str) -> None:
        if not self.sparse_enabled:
            return
        mask = self.active_mask.detach().cpu().to(dtype=state_dict[prefix + "fc.weight"].dtype)
        state_dict[prefix + "fc.weight"] = state_dict[prefix + "fc.weight"] * mask[:, None]
        state_dict[prefix + "proj.weight"] = state_dict[prefix + "proj.weight"] * mask[None, :]

    def active_fraction(self) -> float:
        return float(self.active_mask.float().mean().item())


class SmearGate(nn.Module):
    def __init__(self, dim: int):
        super().__init__()
        self.gate = nn.Parameter(torch.zeros(dim, dtype=torch.float32))

    def forward(self, x: Tensor) -> Tensor:
        g = torch.sigmoid(self.gate.to(dtype=x.dtype))[None, None, :]
        x_prev = torch.cat([torch.zeros_like(x[:, :1]), x[:, :-1]], dim=1)
        return (1 - g) * x + g * x_prev


class BigramHashEmbedding(nn.Module):
    def __init__(self, bigram_vocab_size: int, bigram_dim: int, model_dim: int):
        super().__init__()
        self.bigram_vocab_size = bigram_vocab_size
        self.embed = nn.Embedding(bigram_vocab_size, bigram_dim)
        nn.init.zeros_(self.embed.weight)
        self.proj = CastedLinear(bigram_dim, model_dim, bias=False) if bigram_dim != model_dim else None
        if self.proj is not None:
            nn.init.zeros_(self.proj.weight)
        self.scale = nn.Parameter(torch.tensor(0.05, dtype=torch.float32))

    def bigram_hash(self, tokens: Tensor) -> Tensor:
        t = tokens.to(torch.int32)
        mod = self.bigram_vocab_size - 1
        out = torch.empty_like(t)
        out[..., 0] = mod
        out[..., 1:] = torch.bitwise_xor(36313 * t[..., 1:], 27191 * t[..., :-1]) % mod
        return out.long()

    def forward(self, token_ids: Tensor) -> Tensor:
        h = self.embed(self.bigram_hash(token_ids))
        if self.proj is not None:
            h = self.proj(h)
        return h * self.scale.to(dtype=h.dtype)


class Block(nn.Module):
    def __init__(self, dim: int, num_heads: int, num_kv_heads: int, mlp_mult: float, rope_base: float, qk_gain_init: float, rope_frac: float, use_fa3: bool, layer_idx: int, num_layers: int, sparse_enabled: bool, target_sparsity: float):
        super().__init__()
        self.attn_norm = RMSNorm()
        self.mlp_norm = RMSNorm()
        self.attn_norm_scale = nn.Parameter(torch.ones(dim, dtype=torch.float32))
        self.mlp_norm_scale = nn.Parameter(torch.ones(dim, dtype=torch.float32))
        self.attn = CausalSelfAttention(dim, num_heads, num_kv_heads, rope_base, qk_gain_init, rope_frac, use_fa3)
        self.mlp = SparseMLP(dim, mlp_mult, layer_idx, num_layers, sparse_enabled, target_sparsity)
        self.attn_scale = nn.Parameter(torch.ones(dim, dtype=torch.float32))
        self.mlp_scale = nn.Parameter(torch.ones(dim, dtype=torch.float32))
        self.resid_mix = nn.Parameter(torch.stack((torch.ones(dim), torch.zeros(dim))).float())

    def forward(self, x: Tensor, x0: Tensor) -> Tensor:
        mix = self.resid_mix.to(dtype=x.dtype)
        x = mix[0][None, None, :] * x + mix[1][None, None, :] * x0
        attn_in = self.attn_norm(x) * self.attn_norm_scale.to(dtype=x.dtype)[None, None, :]
        mlp_in = self.mlp_norm(x) * self.mlp_norm_scale.to(dtype=x.dtype)[None, None, :]
        attn_out = self.attn(attn_in)
        x = x + self.attn_scale.to(dtype=x.dtype)[None, None, :] * attn_out
        x = x + self.mlp_scale.to(dtype=x.dtype)[None, None, :] * self.mlp(mlp_in)
        return x


class GPT(nn.Module):
    def __init__(
        self,
        vocab_size: int,
        num_layers: int,
        model_dim: int,
        num_heads: int,
        num_kv_heads: int,
        mlp_mult: float,
        tie_embeddings: bool,
        tied_embed_init_std: float,
        logit_softcap: float,
        rope_base: float,
        qk_gain_init: float,
        bigram_vocab_size: int = 0,
        bigram_dim: int = 128,
        xsa_count: int = 4,
        rope_frac: float = 0.5,
        use_fa3: bool = True,
        sparse_mlp_enabled: bool = True,
        sparse_targets: list[float] | None = None,
    ):
        super().__init__()
        if logit_softcap <= 0.0:
            raise ValueError(f"logit_softcap must be positive, got {logit_softcap}")
        self.tie_embeddings = tie_embeddings
        self.tied_embed_init_std = tied_embed_init_std
        self.logit_softcap = logit_softcap
        self.tok_emb = nn.Embedding(vocab_size, model_dim)
        self.bigram = BigramHashEmbedding(bigram_vocab_size, bigram_dim, model_dim) if bigram_vocab_size > 0 else None
        self.num_encoder_layers = num_layers // 2
        self.num_decoder_layers = num_layers - self.num_encoder_layers
        self.num_skip_weights = min(xsa_count, self.num_encoder_layers, self.num_decoder_layers)
        self.skip_weights = nn.Parameter(torch.ones(self.num_skip_weights, model_dim, dtype=torch.float32))
        if self.num_skip_weights > 0:
            if self.num_skip_weights == 1:
                self.xsa_source_indices = [self.num_encoder_layers - 1]
            else:
                self.xsa_source_indices = sorted({
                    min(self.num_encoder_layers - 1, round(i * (self.num_encoder_layers - 1) / (self.num_skip_weights - 1)))
                    for i in range(self.num_skip_weights)
                })
                while len(self.xsa_source_indices) < self.num_skip_weights:
                    self.xsa_source_indices.append(self.num_encoder_layers - 1)
        else:
            self.xsa_source_indices = []
        self.smear = SmearGate(model_dim)
        if sparse_targets is None:
            sparse_targets = [0.0 for _ in range(num_layers)]
        self.blocks = nn.ModuleList(
            [
                Block(
                    model_dim, num_heads, num_kv_heads, mlp_mult, rope_base, qk_gain_init, rope_frac, use_fa3,
                    layer_idx=i, num_layers=num_layers, sparse_enabled=sparse_mlp_enabled, target_sparsity=sparse_targets[i],
                )
                for i in range(num_layers)
            ]
        )
        self.final_norm = RMSNorm()
        self.lm_head = None if tie_embeddings else CastedLinear(model_dim, vocab_size, bias=False)
        if self.lm_head is not None:
            self.lm_head._zero_init = True
        self._init_weights()

    def _init_weights(self) -> None:
        if self.tie_embeddings:
            nn.init.normal_(self.tok_emb.weight, mean=0.0, std=self.tied_embed_init_std)
        num_layers = len(self.blocks)
        for name, module in self.named_modules():
            if isinstance(module, nn.Linear):
                if getattr(module, "_zero_init", False):
                    nn.init.zeros_(module.weight)
                elif module.weight.ndim == 2 and module.weight.shape[0] >= 64 and module.weight.shape[1] >= 64:
                    nn.init.orthogonal_(module.weight, gain=1.0)
                    if ".proj." in name or name.endswith(".proj"):
                        with torch.no_grad():
                            module.weight.mul_(1.0 / math.sqrt(2 * num_layers))

    def _forward_hidden(self, input_ids: Tensor) -> Tensor:
        x = self.tok_emb(input_ids)
        if self.bigram is not None:
            x = x + self.bigram(input_ids)
        x = F.rms_norm(x, (x.size(-1),))
        x = self.smear(x)
        x0 = x
        skips: list[Tensor] = []
        for i in range(self.num_encoder_layers):
            x = self.blocks[i](x, x0)
            if i in self.xsa_source_indices:
                skips.append(x)
        for i in range(self.num_decoder_layers):
            if i < self.num_skip_weights and skips:
                x = x + self.skip_weights[i].to(dtype=x.dtype)[None, None, :] * skips.pop()
            x = self.blocks[self.num_encoder_layers + i](x, x0)
        return self.final_norm(x)

    def forward(self, input_ids: Tensor, target_ids: Tensor) -> Tensor:
        x = self._forward_hidden(input_ids).reshape(-1, self.tok_emb.weight.shape[1])
        targets = target_ids.reshape(-1)
        if self.tie_embeddings:
            logits_proj = F.linear(x, self.tok_emb.weight)
        else:
            if self.lm_head is None:
                raise RuntimeError("lm_head is required when tie_embeddings=False")
            logits_proj = self.lm_head(x)
        logits = self.logit_softcap * torch.tanh(logits_proj / self.logit_softcap)
        return F.cross_entropy(logits.float(), targets, reduction="mean")

    def forward_logits(self, input_ids: Tensor) -> Tensor:
        x = self._forward_hidden(input_ids)
        if self.tie_embeddings:
            logits_proj = F.linear(x, self.tok_emb.weight)
        else:
            logits_proj = self.lm_head(x)
        return self.logit_softcap * torch.tanh(logits_proj / self.logit_softcap)


def clone_model_state_cpu(model: nn.Module) -> dict[str, Tensor]:
    return {name: tensor.detach().cpu().clone() for name, tensor in model.state_dict().items()}


def update_ema_state(ema_state: dict[str, Tensor], model: nn.Module, decay: float) -> None:
    with torch.no_grad():
        for name, tensor in model.state_dict().items():
            ema_state[name].mul_(decay).add_(tensor.detach().cpu(), alpha=1.0 - decay)


def load_cpu_state_into_model(model: nn.Module, state_dict: dict[str, Tensor]) -> None:
    model.load_state_dict({name: tensor.to(dtype=model.state_dict()[name].dtype) for name, tensor in state_dict.items()}, strict=True)


def sparse_target_for_layer(layer_idx: int, num_layers: int, args: Hyperparameters) -> float:
    if layer_idx < min(4, num_layers):
        return args.sparse_early_sparsity
    if layer_idx < min(8, num_layers):
        return args.sparse_mid_sparsity
    return args.sparse_late_sparsity


def get_sparse_mlps(model: GPT) -> list[SparseMLP]:
    return [block.mlp for block in model.blocks if isinstance(block.mlp, SparseMLP)]


def update_sparse_scores(model: GPT, beta: float) -> None:
    for mlp in get_sparse_mlps(model):
        mlp.update_scores(beta)


def set_sparse_targets(model: GPT, progress: float, args: Hyperparameters) -> tuple[bool, bool]:
    in_warmup = progress < args.sparse_warmup_frac
    frozen = progress >= args.sparse_freeze_frac
    for mlp in get_sparse_mlps(model):
        target = mlp.target_sparsity
        if in_warmup:
            current = 0.0
        elif progress < args.sparse_ramp_end_frac:
            ramp = (progress - args.sparse_warmup_frac) / max(args.sparse_ramp_end_frac - args.sparse_warmup_frac, 1e-6)
            current = target * max(0.0, min(1.0, ramp))
        else:
            current = target
        if frozen:
            current = target
        mlp.set_target_sparsity(current)
    return in_warmup, frozen


def maybe_rewire_sparse_mlps(model: GPT, step: int, args: Hyperparameters, frozen: bool) -> None:
    if frozen or not args.sparse_mlp_enabled or args.sparse_update_every <= 0 or step <= 0:
        return
    if step % args.sparse_update_every != 0:
        return
    for mlp in get_sparse_mlps(model):
        mlp.rewire(args.sparse_swap_frac)


def sparse_stats(model: GPT) -> dict[str, float]:
    mlps = get_sparse_mlps(model)
    if not mlps:
        return {"active_frac": 1.0, "sparsity": 0.0}
    active = sum(mlp.active_fraction() for mlp in mlps) / len(mlps)
    return {"active_frac": active, "sparsity": 1.0 - active}


def materialize_sparse_state_dict(model: GPT) -> dict[str, Tensor]:
    state = clone_model_state_cpu(model)
    for idx, block in enumerate(model.blocks):
        if isinstance(block.mlp, SparseMLP):
            prefix = f"blocks.{idx}.mlp."
            block.mlp.materialize_state_dict(state, prefix)
    return state


def eval_val_sliding(
    args: Hyperparameters,
    base_model: nn.Module,
    rank: int,
    world_size: int,
    device: torch.device,
    val_tokens: Tensor,
    base_bytes_lut: Tensor,
    has_leading_space_lut: Tensor,
    is_boundary_token_lut: Tensor,
    stride: int,
    batch_seqs: int = 32,
) -> tuple[float, float]:
    seq_len = args.train_seq_len
    total_tokens = val_tokens.numel() - 1
    window_starts = [ws for ws in range(0, total_tokens, stride)
                     if min(ws + seq_len, total_tokens) - ws >= stride or ws == 0]
    total_windows = len(window_starts)
    my_s = (total_windows * rank) // world_size
    my_e = (total_windows * (rank + 1)) // world_size
    my_windows = window_starts[my_s:my_e]

    loss_sum = torch.zeros((), device=device, dtype=torch.float64)
    token_count = torch.zeros((), device=device, dtype=torch.float64)
    byte_count = torch.zeros((), device=device, dtype=torch.float64)

    base_model.eval()
    with torch.inference_mode():
        for bi in range(0, len(my_windows), batch_seqs):
            batch_ws = my_windows[bi:bi + batch_seqs]
            bsz = len(batch_ws)
            x_batch = torch.zeros(bsz, seq_len, dtype=torch.int64, device=device)
            y_batch = torch.zeros(bsz, seq_len, dtype=torch.int64, device=device)
            wlens: list[int] = []
            for i, ws in enumerate(batch_ws):
                end = min(ws + seq_len, total_tokens)
                wlen = end - ws
                wlens.append(wlen)
                chunk = val_tokens[ws:end + 1].to(dtype=torch.int64, device=device)
                x_batch[i, :wlen] = chunk[:-1]
                y_batch[i, :wlen] = chunk[1:]
            with torch.autocast(device_type="cuda", dtype=torch.bfloat16):
                logits = base_model.forward_logits(x_batch)
            nll = F.cross_entropy(
                logits.reshape(-1, logits.size(-1)).float(),
                y_batch.reshape(-1),
                reduction="none",
            ).reshape(bsz, seq_len)
            for i, ws in enumerate(batch_ws):
                wlen = wlens[i]
                s = 0 if ws == 0 else max(wlen - stride, 0)
                scored_nll = nll[i, s:wlen].to(torch.float64)
                loss_sum += scored_nll.sum()
                token_count += float(wlen - s)
                tgt = y_batch[i, s:wlen]
                prev = x_batch[i, s:wlen]
                tb = base_bytes_lut[tgt].to(torch.float64)
                tb += (has_leading_space_lut[tgt] & ~is_boundary_token_lut[prev]).to(torch.float64)
                byte_count += tb.sum()
            if rank == 0 and (bi // batch_seqs) % 50 == 0:
                done = min(bi + batch_seqs, len(my_windows))
                pct = done / len(my_windows) * 100
                running_bpb = 0.0
                if token_count.item() > 0:
                    rl = (loss_sum / token_count).item()
                    running_bpb = rl / math.log(2.0) * (token_count.item() / byte_count.item())
                print(f"  sliding_eval [{pct:5.1f}%] {done}/{len(my_windows)} windows running_bpb={running_bpb:.6f}", flush=True)

    if dist.is_available() and dist.is_initialized():
        dist.all_reduce(loss_sum, op=dist.ReduceOp.SUM)
        dist.all_reduce(token_count, op=dist.ReduceOp.SUM)
        dist.all_reduce(byte_count, op=dist.ReduceOp.SUM)

    val_loss = (loss_sum / token_count).item()
    bits_per_token = val_loss / math.log(2.0)
    tokens_per_byte = token_count.item() / byte_count.item()
    base_model.train()
    return val_loss, bits_per_token * tokens_per_byte


# -----------------------------
# TRAINING
# -----------------------------

def main() -> None:
    global zeropower_via_newtonschulz5

    code = Path(__file__).read_text(encoding="utf-8")
    args = Hyperparameters()
    zeropower_via_newtonschulz5 = torch.compile(zeropower_via_newtonschulz5)

    distributed = "RANK" in os.environ and "WORLD_SIZE" in os.environ
    rank = int(os.environ.get("RANK", "0"))
    world_size = int(os.environ.get("WORLD_SIZE", "1"))
    local_rank = int(os.environ.get("LOCAL_RANK", "0"))
    if world_size <= 0:
        raise ValueError(f"WORLD_SIZE must be positive, got {world_size}")
    if 8 % world_size != 0:
        raise ValueError(f"WORLD_SIZE={world_size} must divide 8 so grad_accum_steps stays integral")
    grad_accum_steps = 8 // world_size
    grad_scale = 1.0 / grad_accum_steps
    if not torch.cuda.is_available():
        raise RuntimeError("CUDA is required")
    device = torch.device("cuda", local_rank)
    torch.cuda.set_device(device)
    if distributed:
        dist.init_process_group(backend="nccl", device_id=device)
        dist.barrier()
    master_process = rank == 0

    torch.backends.cuda.matmul.allow_tf32 = True
    torch.backends.cudnn.allow_tf32 = True
    from torch.backends.cuda import enable_cudnn_sdp, enable_flash_sdp, enable_math_sdp, enable_mem_efficient_sdp
    enable_cudnn_sdp(False)
    enable_flash_sdp(True)
    enable_mem_efficient_sdp(False)
    enable_math_sdp(False)

    logfile = None
    if master_process:
        os.makedirs("logs", exist_ok=True)
        logfile = f"logs/{args.run_id}.txt"
        print(logfile)
    wandb_run = None

    def log0(msg: str, console: bool = True) -> None:
        if not master_process:
            return
        if console:
            print(msg)
        if logfile is not None:
            with open(logfile, "a", encoding="utf-8") as f:
                print(msg, file=f)

    def wandb_log(metrics: dict[str, float | int], step: int | None = None) -> None:
        if master_process and wandb_run is not None:
            wandb_run.log(metrics, step=step)

    log0(code, console=False)
    log0("=" * 100, console=False)
    log0(f"Running Python {sys.version}", console=False)
    log0(f"Running PyTorch {torch.__version__}", console=False)
    log0(
        subprocess.run(["nvidia-smi"], stdout=subprocess.PIPE, stderr=subprocess.PIPE, text=True, check=False).stdout,
        console=False,
    )
    log0("=" * 100, console=False)

    random.seed(args.seed)
    np.random.seed(args.seed)
    torch.manual_seed(args.seed)
    torch.cuda.manual_seed_all(args.seed)

    if master_process and wandb is not None:
        wandb_kwargs: dict[str, object] = {
            "project": args.wandb_project,
            "name": args.wandb_name,
            "config": hyperparameters_to_dict(args),
            "mode": args.wandb_mode,
            "reinit": True,
        }
        if args.wandb_entity:
            wandb_kwargs["entity"] = args.wandb_entity
        wandb_run = wandb.init(**wandb_kwargs)
        wandb_run.log({"system/world_size": world_size, "system/rank": rank}, step=0)
    elif master_process and os.environ.get("WANDB_API_KEY") and wandb is None:
        log0("wandb:disabled package_not_installed")

    if not args.tokenizer_path.endswith(".model"):
        raise ValueError(f"Script only setup for SentencePiece .model file: {args.tokenizer_path}")
    sp = spm.SentencePieceProcessor(model_file=args.tokenizer_path)
    if int(sp.vocab_size()) != args.vocab_size:
        raise ValueError(
            f"VOCAB_SIZE={args.vocab_size} does not match tokenizer vocab_size={int(sp.vocab_size())}"
        )
    dataset_dir = Path(args.data_path).resolve()
    actual_train_files = len(list(dataset_dir.glob("fineweb_train_*.bin")))
    val_tokens = load_validation_tokens(args.val_files, args.train_seq_len)
    base_bytes_lut, has_leading_space_lut, is_boundary_token_lut = build_sentencepiece_luts(
        sp, args.vocab_size, device
    )
    log0(f"val_bpb:enabled tokenizer_kind=sentencepiece tokenizer_path={args.tokenizer_path}")
    log0(f"train_loader:dataset:{dataset_dir.name} train_shards:{actual_train_files}")
    log0(f"val_loader:shards pattern={args.val_files} tokens:{val_tokens.numel() - 1}")
    wandb_log({"data/train_shards": actual_train_files, "data/val_tokens": int(val_tokens.numel() - 1)}, step=0)

    # MODEL + OPTIMIZER SETUP
    base_model = GPT(
        vocab_size=args.vocab_size,
        num_layers=args.num_layers,
        model_dim=args.model_dim,
        num_heads=args.num_heads,
        num_kv_heads=args.num_kv_heads,
        mlp_mult=args.mlp_mult,
        tie_embeddings=args.tie_embeddings,
        tied_embed_init_std=args.tied_embed_init_std,
        logit_softcap=args.logit_softcap,
        rope_base=args.rope_base,
        qk_gain_init=args.qk_gain_init,
        bigram_vocab_size=args.bigram_vocab_size,
        bigram_dim=args.bigram_dim,
        xsa_count=args.xsa_count,
        rope_frac=args.partial_rope_frac,
        use_fa3=args.use_fa3,
        sparse_mlp_enabled=args.sparse_mlp_enabled,
        sparse_targets=[sparse_target_for_layer(i, args.num_layers, args) for i in range(args.num_layers)],
    ).to(device).bfloat16()
    for module in base_model.modules():
        if isinstance(module, CastedLinear):
            module.float()
    restore_low_dim_params_to_fp32(base_model)
    compiled_model = torch.compile(base_model, dynamic=False, fullgraph=True)
    model: nn.Module = DDP(compiled_model, device_ids=[local_rank], broadcast_buffers=False) if distributed else compiled_model

    block_named_params = list(base_model.blocks.named_parameters())
    matrix_params = [
        p for name, p in block_named_params
        if p.ndim == 2 and not any(pattern in name for pattern in CONTROL_TENSOR_NAME_PATTERNS)
    ]
    scalar_params = [
        p for name, p in block_named_params
        if p.ndim < 2 or any(pattern in name for pattern in CONTROL_TENSOR_NAME_PATTERNS)
    ]
    if base_model.skip_weights.numel() > 0:
        scalar_params.append(base_model.skip_weights)
    scalar_params.append(base_model.smear.gate)
    if base_model.bigram is not None:
        scalar_params.append(base_model.bigram.scale)

    token_lr = args.tied_embed_lr if args.tie_embeddings else args.embed_lr
    tok_params = [{"params": [base_model.tok_emb.weight], "lr": token_lr, "base_lr": token_lr}]
    if base_model.bigram is not None:
        tok_params.append({"params": [base_model.bigram.embed.weight], "lr": token_lr, "base_lr": token_lr})
        if base_model.bigram.proj is not None:
            matrix_params.append(base_model.bigram.proj.weight)

    optimizer_tok = torch.optim.AdamW(
        tok_params,
        betas=(args.beta1, args.beta2),
        eps=args.adam_eps,
        weight_decay=args.weight_decay,
        fused=True,
    )
    optimizer_muon = Muon(
        matrix_params,
        lr=args.matrix_lr,
        momentum=args.muon_momentum,
        backend_steps=args.muon_backend_steps,
        weight_decay=0.04,
    )
    for group in optimizer_muon.param_groups:
        group["base_lr"] = args.matrix_lr
    optimizer_scalar = torch.optim.AdamW(
        [{"params": scalar_params, "lr": args.scalar_lr, "base_lr": args.scalar_lr}],
        betas=(args.beta1, args.beta2),
        eps=args.adam_eps,
        weight_decay=args.weight_decay,
        fused=True,
    )
    optimizers: list[torch.optim.Optimizer] = [optimizer_tok, optimizer_muon, optimizer_scalar]
    if base_model.lm_head is not None:
        optimizer_head = torch.optim.Adam(
            [{"params": [base_model.lm_head.weight], "lr": args.head_lr, "base_lr": args.head_lr}],
            betas=(args.beta1, args.beta2),
            eps=args.adam_eps,
            fused=True,
        )
        optimizers.insert(1, optimizer_head)

    n_params = sum(p.numel() for p in base_model.parameters())
    log0(f"model_params:{n_params}")
    log0(f"world_size:{world_size} grad_accum_steps:{grad_accum_steps}")
    log0(f"attention_mode:gqa num_heads:{args.num_heads} num_kv_heads:{args.num_kv_heads}")
    log0(
        f"tie_embeddings:{args.tie_embeddings} embed_lr:{token_lr} "
        f"matrix_lr:{args.matrix_lr} scalar_lr:{args.scalar_lr}"
    )
    log0(
        f"train_batch_tokens:{args.train_batch_tokens} train_seq_len:{args.train_seq_len} "
        f"iterations:{args.iterations} warmup_steps:{args.warmup_steps} "
        f"max_wallclock_seconds:{args.max_wallclock_seconds:.3f}"
    )
    log0(f"seed:{args.seed}")
    log0(
        f"xsa_count:{args.xsa_count} partial_rope_frac:{args.partial_rope_frac:.2f} "
        f"ema_enabled:{int(args.ema_enabled)} ema_decay:{args.ema_decay:.4f} late_qat_start_frac:{args.late_qat_start_frac:.2f} "
        f"use_fa3:{int(args.use_fa3 and FLASH_ATTN_FUNC is not None)} artifact_target_bytes:{args.artifact_target_bytes} "
        f"sparse_mlp_enabled:{int(args.sparse_mlp_enabled)} sparse_update_every:{args.sparse_update_every}"
    )
    wandb_log(
        {
            "model/params": int(n_params),
            "system/grad_accum_steps": int(grad_accum_steps),
            "system/world_size": int(world_size),
            "config/use_fa3": int(args.use_fa3 and FLASH_ATTN_FUNC is not None),
        },
        step=0,
    )

    # DATA LOADER & MODEL WARMUP
    train_loader = DistributedTokenLoader(args.train_files, rank, world_size, device)

    def zero_grad_all() -> None:
        for opt in optimizers:
            opt.zero_grad(set_to_none=True)

    set_qat_active(base_model, False)
    ema_state = clone_model_state_cpu(base_model) if args.ema_enabled else None
    qat_start_step = max(0, min(args.iterations, int(args.iterations * args.late_qat_start_frac)))

    max_wallclock_ms = 1000.0 * args.max_wallclock_seconds if args.max_wallclock_seconds > 0 else None

    def lr_mul(step: int, elapsed_ms: float) -> float:
        if args.warmdown_iters <= 0:
            return 1.0
        if max_wallclock_ms is None:
            warmdown_start = max(args.iterations - args.warmdown_iters, 0)
            return max((args.iterations - step) / max(args.warmdown_iters, 1), 0.0) if warmdown_start <= step < args.iterations else 1.0
        step_ms = elapsed_ms / max(step, 1)
        warmdown_ms = args.warmdown_iters * step_ms
        remaining_ms = max(max_wallclock_ms - elapsed_ms, 0.0)
        return remaining_ms / max(warmdown_ms, 1e-9) if remaining_ms <= warmdown_ms else 1.0

    if args.warmup_steps > 0:
        initial_model_state = {name: tensor.detach().cpu().clone() for name, tensor in base_model.state_dict().items()}
        initial_optimizer_states = [copy.deepcopy(opt.state_dict()) for opt in optimizers]
        model.train()
        for warmup_step in range(args.warmup_steps):
            zero_grad_all()
            for micro_step in range(grad_accum_steps):
                if distributed:
                    model.require_backward_grad_sync = micro_step == grad_accum_steps - 1
                x, y = train_loader.next_batch(args.train_batch_tokens, args.train_seq_len, grad_accum_steps)
                with torch.autocast(device_type="cuda", dtype=torch.bfloat16, enabled=True):
                    warmup_loss = model(x, y)
                (warmup_loss * grad_scale).backward()
            for opt in optimizers:
                opt.step()
            zero_grad_all()
            if args.warmup_steps <= 20 or (warmup_step + 1) % 10 == 0 or warmup_step + 1 == args.warmup_steps:
                log0(f"warmup_step:{warmup_step + 1}/{args.warmup_steps}")
                wandb_log({"train/warmup_step": int(warmup_step + 1)}, step=warmup_step + 1)
        base_model.load_state_dict(initial_model_state, strict=True)
        for opt, state in zip(optimizers, initial_optimizer_states, strict=True):
            opt.load_state_dict(state)
        zero_grad_all()
        if distributed:
            model.require_backward_grad_sync = True
        train_loader = DistributedTokenLoader(args.train_files, rank, world_size, device)

    # MAIN TRAINING LOOP
    training_time_ms = 0.0
    stop_after_step: int | None = None
    swa_state: dict[str, Tensor] | None = None
    swa_count = 0
    torch.cuda.synchronize()
    t0 = time.perf_counter()

    step = 0
    while True:
        last_step = step == args.iterations or (stop_after_step is not None and step >= stop_after_step)

        should_validate = last_step or (args.val_loss_every > 0 and step % args.val_loss_every == 0)
        if should_validate:
            torch.cuda.synchronize()
            training_time_ms += 1000.0 * (time.perf_counter() - t0)
            val_loss, val_bpb = eval_val(
                args, model, rank, world_size, device, grad_accum_steps,
                val_tokens, base_bytes_lut, has_leading_space_lut, is_boundary_token_lut,
            )
            log0(
                f"step:{step}/{args.iterations} val_loss:{val_loss:.4f} val_bpb:{val_bpb:.4f} "
                f"train_time:{training_time_ms:.0f}ms step_avg:{training_time_ms / max(step, 1):.2f}ms"
            )
            wandb_log(
                {
                    "eval/val_loss": float(val_loss),
                    "eval/val_bpb": float(val_bpb),
                    "timing/train_time_ms": float(training_time_ms),
                    "timing/step_avg_ms": float(training_time_ms / max(step, 1)),
                },
                step=step,
            )
            torch.cuda.synchronize()
            t0 = time.perf_counter()

        if last_step:
            if stop_after_step is not None and step < args.iterations:
                log0(
                    f"stopping_early: wallclock_cap train_time:{training_time_ms:.0f}ms "
                    f"step:{step}/{args.iterations}"
                )
            break

        elapsed_ms = training_time_ms + 1000.0 * (time.perf_counter() - t0)
        scale = lr_mul(step, elapsed_ms)
        progress = step / max(args.iterations, 1)
        _, sparse_frozen = set_sparse_targets(base_model, progress, args)
        set_qat_active(base_model, step >= qat_start_step)
        zero_grad_all()
        train_loss = torch.zeros((), device=device)
        for micro_step in range(grad_accum_steps):
            if distributed:
                model.require_backward_grad_sync = micro_step == grad_accum_steps - 1
            x, y = train_loader.next_batch(args.train_batch_tokens, args.train_seq_len, grad_accum_steps)
            with torch.autocast(device_type="cuda", dtype=torch.bfloat16, enabled=True):
                loss = model(x, y)
            train_loss += loss.detach()
            (loss * grad_scale).backward()
        train_loss /= grad_accum_steps

        frac = min(step / args.muon_momentum_warmup_steps, 1.0) if args.muon_momentum_warmup_steps > 0 else 1.0
        muon_momentum = (1 - frac) * args.muon_momentum_warmup_start + frac * args.muon_momentum
        for group in optimizer_muon.param_groups:
            group["momentum"] = muon_momentum

        for opt in optimizers:
            for group in opt.param_groups:
                group["lr"] = group["base_lr"] * scale

        update_sparse_scores(base_model, args.sparse_score_beta)
        maybe_rewire_sparse_mlps(base_model, step, args, sparse_frozen)
        if args.grad_clip_norm > 0:
            torch.nn.utils.clip_grad_norm_(base_model.parameters(), args.grad_clip_norm)
        for opt in optimizers:
            opt.step()
        zero_grad_all()
        if ema_state is not None:
            update_ema_state(ema_state, base_model, args.ema_decay)

        step += 1
        approx_training_time_ms = training_time_ms + 1000.0 * (time.perf_counter() - t0)

        # SWA: collect checkpoints during warmdown
        if args.swa_enabled and scale < args.swa_start_frac and step % args.swa_every == 0:
            if swa_state is None:
                swa_state = {name: t.detach().cpu().clone() for name, t in base_model.state_dict().items()}
                swa_count = 1
                log0(f"swa:start step:{step}")
            else:
                for name, t in base_model.state_dict().items():
                    swa_state[name] += t.detach().cpu()
                swa_count += 1

        should_log_train = (
            args.train_log_every > 0
            and (step <= 10 or step % args.train_log_every == 0 or stop_after_step is not None)
        )
        if should_log_train:
            log0(
                f"step:{step}/{args.iterations} train_loss:{train_loss.item():.4f} "
                f"train_time:{approx_training_time_ms:.0f}ms step_avg:{approx_training_time_ms / step:.2f}ms"
            )
            sparse_info = sparse_stats(base_model)
            wandb_log(
                {
                    "train/loss": float(train_loss.item()),
                    "train/lr_scale": float(scale),
                    "train/muon_momentum": float(muon_momentum),
                    "train/qat_active": int(step >= qat_start_step),
                    "train/sparse_active_frac": float(sparse_info["active_frac"]),
                    "train/sparse_sparsity": float(sparse_info["sparsity"]),
                    "timing/train_time_ms": float(approx_training_time_ms),
                    "timing/step_avg_ms": float(approx_training_time_ms / step),
                },
                step=step,
            )

        reached_cap = max_wallclock_ms is not None and approx_training_time_ms >= max_wallclock_ms
        if distributed and max_wallclock_ms is not None:
            reached_cap_tensor = torch.tensor(int(reached_cap), device=device)
            dist.all_reduce(reached_cap_tensor, op=dist.ReduceOp.MAX)
            reached_cap = bool(reached_cap_tensor.item())
        if stop_after_step is None and reached_cap:
            stop_after_step = step

    log0(
        f"peak memory allocated: {torch.cuda.max_memory_allocated() // 1024 // 1024} MiB "
        f"reserved: {torch.cuda.max_memory_reserved() // 1024 // 1024} MiB"
    )
    wandb_log(
        {
            "system/peak_memory_allocated_mib": int(torch.cuda.max_memory_allocated() // 1024 // 1024),
            "system/peak_memory_reserved_mib": int(torch.cuda.max_memory_reserved() // 1024 // 1024),
        },
        step=step,
    )

    # Apply SWA if collected
    if args.swa_enabled and swa_state is not None and swa_count > 1:
        log0(f"swa:applying averaged {swa_count} checkpoints")
        current_state = base_model.state_dict()
        avg_state = {
            name: (tensor / swa_count).to(dtype=current_state[name].dtype)
            for name, tensor in swa_state.items()
        }
        base_model.load_state_dict(avg_state, strict=True)

    if ema_state is not None:
        log0(f"ema:applying decay={args.ema_decay:.4f}")
        load_cpu_state_into_model(base_model, ema_state)

    # SERIALIZATION + ROUNDTRIP VALIDATION
    if master_process:
        torch.save(base_model.state_dict(), "final_model.pt")
        model_bytes = os.path.getsize("final_model.pt")
        code_bytes = len(code.encode("utf-8"))
        log0(f"Serialized model: {model_bytes} bytes")
        log0(f"Code size: {code_bytes} bytes")
        log0(f"Total submission size: {model_bytes + code_bytes} bytes")
        wandb_log(
            {
                "artifact/model_bytes_raw": int(model_bytes),
                "artifact/code_bytes": int(code_bytes),
                "artifact/submission_bytes_raw": int(model_bytes + code_bytes),
            },
            step=step,
        )

    # INT6 mixed quantization + artifact-budget backout
    code_bytes = len(code.encode("utf-8"))
    export_sd = materialize_sparse_state_dict(base_model)
    pruned_sd, quant_meta, quant_blob, used_prune_frac, total_bytes = fit_artifact_budget(
        export_sd,
        code_bytes=code_bytes,
        target_bytes=args.artifact_target_bytes,
        prune_start=args.artifact_backout_prune_start,
        prune_step=args.artifact_backout_prune_step,
        max_iters=args.artifact_backout_max_iters,
    )
    if master_process:
        with open("final_model.int8.ptz", "wb") as f:
            f.write(quant_blob)
        quant_file_bytes = os.path.getsize("final_model.int8.ptz")
        log0(f"artifact_backout:prune_frac:{used_prune_frac:.4f} target_bytes:{args.artifact_target_bytes}")
        log0(f"Serialized model int6+{_COMPRESSOR}: {quant_file_bytes} bytes")
        log0(f"Total submission size int8+zlib: {quant_file_bytes + code_bytes} bytes")
        wandb_log(
            {
                "artifact/backout_prune_frac": float(used_prune_frac),
                "artifact/model_bytes_quantized": int(quant_file_bytes),
                "artifact/submission_bytes_quantized": int(quant_file_bytes + code_bytes),
            },
            step=step,
        )

    if distributed:
        dist.barrier()
    with open("final_model.int8.ptz", "rb") as f:
        quant_blob_disk = f.read()
    if _COMPRESSOR == "zstd":
        decompressed = zstandard.ZstdDecompressor().decompress(quant_blob_disk)
    else:
        decompressed = zlib.decompress(quant_blob_disk)
    quant_state = torch.load(io.BytesIO(decompressed), map_location="cpu")
    deq_state = dequantize_mixed_int6(quant_state["w"], quant_state["m"], pruned_sd)
    base_model.load_state_dict(deq_state, strict=True)

    # Sliding window eval on int6-roundtripped weights
    torch.cuda.synchronize()
    t_qeval = time.perf_counter()
    if args.eval_stride > 0 and args.eval_stride < args.train_seq_len:
        log0(f"final_eval_mode:sliding_window stride:{args.eval_stride} batch_seqs:{args.eval_batch_seqs}")
        q_val_loss, q_val_bpb = eval_val_sliding(
            args, base_model, rank, world_size, device,
            val_tokens, base_bytes_lut, has_leading_space_lut, is_boundary_token_lut,
            stride=args.eval_stride, batch_seqs=args.eval_batch_seqs,
        )
    else:
        log0("final_eval_mode:standard")
        q_val_loss, q_val_bpb = eval_val(
            args, model, rank, world_size, device, grad_accum_steps,
            val_tokens, base_bytes_lut, has_leading_space_lut, is_boundary_token_lut,
        )
    torch.cuda.synchronize()
    final_eval_time_ms = 1000.0 * (time.perf_counter() - t_qeval)
    log0(
        f"final_int8_zlib_roundtrip val_loss:{q_val_loss:.4f} val_bpb:{q_val_bpb:.4f} "
        f"eval_time:{final_eval_time_ms:.0f}ms"
    )
    log0(f"final_int8_zlib_roundtrip_exact val_loss:{q_val_loss:.8f} val_bpb:{q_val_bpb:.8f}")
    wandb_log(
        {
            "final/val_loss": float(q_val_loss),
            "final/val_bpb": float(q_val_bpb),
            "final/eval_time_ms": float(final_eval_time_ms),
        },
        step=step,
    )
    if master_process and wandb_run is not None:
        wandb_run.finish()

    if distributed:
        dist.destroy_process_group()


if __name__ == "__main__":
    main()
# fixes applied
# tuned

====================================================================================================
Running Python 3.12.13 | packaged by conda-forge | (main, Mar  5 2026, 16:50:00) [GCC 14.3.0]
Running PyTorch 2.10.0+cu128
Sun Mar 22 01:26:40 2026       
+-----------------------------------------------------------------------------------------+
| NVIDIA-SMI 580.126.20             Driver Version: 580.126.20     CUDA Version: 13.0     |
+-----------------------------------------+------------------------+----------------------+
| GPU  Name                 Persistence-M | Bus-Id          Disp.A | Volatile Uncorr. ECC |
| Fan  Temp   Perf          Pwr:Usage/Cap |           Memory-Usage | GPU-Util  Compute M. |
|                                         |                        |               MIG M. |
|=========================================+========================+======================|
|   0  NVIDIA H100 80GB HBM3          On  |   00000000:61:00.0 Off |                    0 |
| N/A   41C    P0             99W /  700W |    1185MiB /  81559MiB |      9%      Default |
|                                         |                        |             Disabled |
+-----------------------------------------+------------------------+----------------------+

+-----------------------------------------------------------------------------------------+
| Processes:                                                                              |
|  GPU   GI   CI              PID   Type   Process name                        GPU Memory |
|        ID   ID                                                               Usage      |
|=========================================================================================|
|    0   N/A  N/A           35422      C   ...rameter-golf/.venv/bin/python       1176MiB |
+-----------------------------------------------------------------------------------------+

====================================================================================================
val_bpb:enabled tokenizer_kind=sentencepiece tokenizer_path=/workspace/parameter-golf/data/tokenizers/fineweb_1024_bpe.model
train_loader:dataset:fineweb10B_sp1024 train_shards:1
val_loader:shards pattern=/workspace/parameter-golf/data/datasets/fineweb10B_sp1024/fineweb_val_*.bin tokens:62021632
model_params:27889241
world_size:1 grad_accum_steps:8
attention_mode:gqa num_heads:8 num_kv_heads:4
tie_embeddings:True embed_lr:0.03 matrix_lr:0.02 scalar_lr:0.02
train_batch_tokens:786432 train_seq_len:2048 iterations:1200 warmup_steps:5 max_wallclock_seconds:0.000
seed:42
xsa_count:4 partial_rope_frac:0.50 ema_enabled:1 ema_decay:0.9970 late_qat_start_frac:0.70 use_fa3:0 artifact_target_bytes:15980000 sparse_mlp_enabled:1 sparse_update_every:128
warmup_step:1/5
warmup_step:2/5
warmup_step:3/5
warmup_step:4/5
warmup_step:5/5
step:0/1200 val_loss:6.9285 val_bpb:4.1034 train_time:0ms step_avg:0.02ms
step:1/1200 train_loss:6.9289 train_time:1033ms step_avg:1032.68ms
step:2/1200 train_loss:6.0404 train_time:1835ms step_avg:917.56ms
step:3/1200 train_loss:6.1108 train_time:2634ms step_avg:877.88ms
step:4/1200 train_loss:5.9755 train_time:3629ms step_avg:907.19ms
step:5/1200 train_loss:5.8985 train_time:4422ms step_avg:884.46ms
step:6/1200 train_loss:5.8059 train_time:5227ms step_avg:871.21ms
step:7/1200 train_loss:5.7247 train_time:6022ms step_avg:860.33ms
step:8/1200 train_loss:5.7286 train_time:6827ms step_avg:853.32ms
step:9/1200 train_loss:5.7010 train_time:7614ms step_avg:845.99ms
step:10/1200 train_loss:5.5920 train_time:8422ms step_avg:842.22ms
step:50/1200 train_loss:3.6919 train_time:41624ms step_avg:832.47ms
step:100/1200 train_loss:3.2257 train_time:83430ms step_avg:834.30ms
step:150/1200 train_loss:2.9271 train_time:125736ms step_avg:838.24ms
step:200/1200 train_loss:2.7419 train_time:166723ms step_avg:833.62ms
step:250/1200 train_loss:2.6117 train_time:209624ms step_avg:838.50ms
step:250/1200 val_loss:2.6358 val_bpb:1.5611 train_time:209627ms step_avg:838.51ms
step:300/1200 train_loss:2.5810 train_time:250667ms step_avg:835.56ms
step:350/1200 train_loss:2.5183 train_time:291648ms step_avg:833.28ms
step:400/1200 train_loss:2.5138 train_time:332074ms step_avg:830.19ms
step:450/1200 train_loss:2.4207 train_time:374346ms step_avg:831.88ms
step:500/1200 train_loss:2.3771 train_time:416687ms step_avg:833.37ms
step:500/1200 val_loss:2.4175 val_bpb:1.4318 train_time:416689ms step_avg:833.38ms
step:550/1200 train_loss:2.3235 train_time:460070ms step_avg:836.49ms
step:600/1200 train_loss:2.2808 train_time:500809ms step_avg:834.68ms
step:650/1200 train_loss:2.3087 train_time:542603ms step_avg:834.77ms
step:700/1200 train_loss:2.3689 train_time:583802ms step_avg:834.00ms
step:750/1200 train_loss:2.2653 train_time:625008ms step_avg:833.34ms
step:750/1200 val_loss:2.3439 val_bpb:1.3882 train_time:625011ms step_avg:833.35ms
step:800/1200 train_loss:2.2460 train_time:666894ms step_avg:833.62ms
step:850/1200 train_loss:2.2751 train_time:775698ms step_avg:912.59ms
step:900/1200 train_loss:2.1934 train_time:816808ms step_avg:907.56ms
step:950/1200 train_loss:2.1666 train_time:859508ms step_avg:904.74ms
step:1000/1200 train_loss:2.1992 train_time:901788ms step_avg:901.79ms
step:1000/1200 val_loss:2.3130 val_bpb:1.3699 train_time:901791ms step_avg:901.79ms
step:1050/1200 train_loss:2.2039 train_time:943782ms step_avg:898.84ms
step:1100/1200 train_loss:2.1361 train_time:985883ms step_avg:896.26ms
step:1150/1200 train_loss:2.1460 train_time:1027552ms step_avg:893.52ms
step:1200/1200 train_loss:2.1197 train_time:1071181ms step_avg:892.65ms
step:1200/1200 val_loss:2.2975 val_bpb:1.3607 train_time:1071183ms step_avg:892.65ms
peak memory allocated: 21440 MiB reserved: 21600 MiB
ema:applying decay=0.9970
Serialized model: 107936427 bytes
Code size: 72751 bytes
Total submission size: 108009178 bytes
artifact_backout:prune_frac:0.0300 target_bytes:15980000
Serialized model int6+zstd: 6378046 bytes
Total submission size int8+zlib: 6450797 bytes
final_eval_mode:sliding_window stride:64 batch_seqs:32
final_int8_zlib_roundtrip val_loss:5.6104 val_bpb:3.3228 eval_time:1643716ms
final_int8_zlib_roundtrip_exact val_loss:5.61036780 val_bpb:3.32278463
